<?xml version="1.0" encoding="UTF-8"?>
<!-- Generated by org.testng.reporters.JUnitReportReporter -->
<testsuite hostname="lin80027007" failures="0" tests="1" name="parabankautomation.seleniumtest1" time="75.119" errors="0" timestamp="2023-08-11T15:52:48 IST" skipped="0">
  <testcase classname="parabankautomation.seleniumtest1" name="f" time="75.119"/>
  <system-out/>
</testsuite> <!-- parabankautomation.seleniumtest1 -->
